E:\SWSSO\DEV\SWSSOGENKEY\DEBUG\SWSSOGENKEY.PCH
E:\SWSSO\DEV\SWSSOGENKEY\DEBUG\VC110.PDB
E:\SWSSO\DEV\SWSSOGENKEY\DEBUG\STDAFX.OBJ
E:\SWSSO\DEV\SWSSOGENKEY\DEBUG\SWSSOGENKEY.OBJ
E:\SWSSO\DEV\SWSSOGENKEY\DEBUG\SWSSOCRYPT.OBJ
E:\SWSSO\DEV\SWSSOGENKEY\DEBUG\SWSSOTRACE.OBJ
E:\SWSSO\DEV\DEBUG\SWSSOGENKEY.ILK
E:\SWSSO\DEV\DEBUG\SWSSOGENKEY.EXE
E:\SWSSO\DEV\DEBUG\SWSSOGENKEY.PDB
E:\swSSO\Dev\swSSOGenKey\Debug\stdafx.obj
E:\swSSO\Dev\swSSOGenKey\Debug\swSSOCrypt.obj
E:\swSSO\Dev\swSSOGenKey\Debug\swSSOGenKey.obj
E:\swSSO\Dev\swSSOGenKey\Debug\swSSOTrace.obj
E:\swSSO\Dev\swSSOGenKey\Debug\cl.command.1.tlog
E:\swSSO\Dev\swSSOGenKey\Debug\CL.read.1.tlog
E:\swSSO\Dev\swSSOGenKey\Debug\CL.write.1.tlog
E:\swSSO\Dev\swSSOGenKey\Debug\link-cvtres.read.1.tlog
E:\swSSO\Dev\swSSOGenKey\Debug\link-cvtres.write.1.tlog
E:\swSSO\Dev\swSSOGenKey\Debug\link-rc.read.1.tlog
E:\swSSO\Dev\swSSOGenKey\Debug\link-rc.write.1.tlog
E:\swSSO\Dev\swSSOGenKey\Debug\link.5240-cvtres.read.1.tlog
E:\swSSO\Dev\swSSOGenKey\Debug\link.5240-cvtres.write.1.tlog
E:\swSSO\Dev\swSSOGenKey\Debug\link.5240-rc.read.1.tlog
E:\swSSO\Dev\swSSOGenKey\Debug\link.5240-rc.write.1.tlog
E:\swSSO\Dev\swSSOGenKey\Debug\link.5240.read.1.tlog
E:\swSSO\Dev\swSSOGenKey\Debug\link.5240.write.1.tlog
E:\swSSO\Dev\swSSOGenKey\Debug\link.7096-cvtres.read.1.tlog
E:\swSSO\Dev\swSSOGenKey\Debug\link.7096-cvtres.write.1.tlog
E:\swSSO\Dev\swSSOGenKey\Debug\link.7096-rc.read.1.tlog
E:\swSSO\Dev\swSSOGenKey\Debug\link.7096-rc.write.1.tlog
E:\swSSO\Dev\swSSOGenKey\Debug\link.7096.read.1.tlog
E:\swSSO\Dev\swSSOGenKey\Debug\link.7096.write.1.tlog
E:\swSSO\Dev\swSSOGenKey\Debug\link.7568-cvtres.read.1.tlog
E:\swSSO\Dev\swSSOGenKey\Debug\link.7568-cvtres.write.1.tlog
E:\swSSO\Dev\swSSOGenKey\Debug\link.7568-rc.read.1.tlog
E:\swSSO\Dev\swSSOGenKey\Debug\link.7568-rc.write.1.tlog
E:\swSSO\Dev\swSSOGenKey\Debug\link.7568.read.1.tlog
E:\swSSO\Dev\swSSOGenKey\Debug\link.7568.write.1.tlog
E:\swSSO\Dev\swSSOGenKey\Debug\link.command.1.tlog
E:\swSSO\Dev\swSSOGenKey\Debug\link.read.1.tlog
E:\swSSO\Dev\swSSOGenKey\Debug\link.write.1.tlog
E:\swSSO\Dev\swSSOGenKey\Debug\swSSOGenKey.pch
E:\swSSO\Dev\swSSOGenKey\Debug\vc110.idb
E:\swSSO\Dev\swSSOGenKey\Debug\vc110.pdb
E:\swSSO\Dev\Debug\swSSOGenKey.pdb
E:\swSSO\Dev\Debug\swSSOGenKey.exe
E:\swSSO\Dev\Debug\swSSOGenKey.ilk
