Build started 04/04/2013 08:06:11.
     1>Project "E:\swSSO\Dev\swSSORecover\swSSORecover.vcxproj" on node 3 (Build target(s)).
     1>PreBuildEvent:
         mc swSSOLogMessages.mc
         :VCEnd
         MC: Compiling swSSOLogMessages.mc
       ClCompile:
         C:\Program Files (x86)\Microsoft Visual Studio 11.0\VC\bin\CL.exe /c /Zi /nologo /W4 /WX /O2 /Oi /Oy- /GL /D WIN32 /D NDEBUG /D _WINDOWS /D _USING_V110_SDK71_ /D _MBCS /Gm- /EHsc /MT /GS /Gy /fp:precise /Zc:wchar_t /Zc:forScope /Fo"Release\\" /Fd"Release\vc110.pdb" /Gd /TP /analyze- /errorReport:prompt swSSOCrypt.cpp swSSOLogs.cpp swSSOMain.cpp swSSOPasswordPolicy.cpp swSSORecovery.cpp swSSOTools.cpp swSSOTrace.cpp swSSOWizard.cpp
         swSSOCrypt.cpp
         swSSOLogs.cpp
         swSSOMain.cpp
         swSSOPasswordPolicy.cpp
         swSSORecovery.cpp
         swSSOTools.cpp
         swSSOTrace.cpp
         swSSOWizard.cpp
       ResourceCompile:
         C:\Program Files (x86)\Microsoft SDKs\Windows\v7.1A\bin\rc.exe /D _USING_V110_SDK71_ /l"0x040c" /nologo /fo"Release\swSSOLogMessages.res" swSSOLogMessages.rc 
       Link:
         C:\Program Files (x86)\Microsoft Visual Studio 11.0\VC\bin\link.exe /ERRORREPORT:PROMPT /OUT:"E:\swSSO\Dev\Release\swSSORecover.exe" /INCREMENTAL:NO /NOLOGO Comctl32.lib kernel32.lib user32.lib gdi32.lib winspool.lib comdlg32.lib advapi32.lib shell32.lib ole32.lib oleaut32.lib uuid.lib odbc32.lib odbccp32.lib /MANIFEST /MANIFESTUAC:"level='asInvoker' uiAccess='false'" /manifest:embed /DEBUG /PDB:"E:\swSSO\Dev\Release\swSSORecover.pdb" /SUBSYSTEM:WINDOWS,"5.01" /OPT:REF /OPT:ICF /LTCG /TLBID:1 /DYNAMICBASE /NXCOMPAT /IMPLIB:"E:\swSSO\Dev\Release\swSSORecover.lib" /MACHINE:X86 /SAFESEH Release\resource.res
         Release\swSSOLogMessages.res
         Release\swSSOCrypt.obj
         Release\swSSOLogs.obj
         Release\swSSOMain.obj
         Release\swSSOPasswordPolicy.obj
         Release\swSSORecovery.obj
         Release\swSSOTools.obj
         Release\swSSOTrace.obj
         Release\swSSOWizard.obj
         Generating code
         Finished generating code
         swSSORecover.vcxproj -> E:\swSSO\Dev\Release\swSSORecover.exe
     1>Done Building Project "E:\swSSO\Dev\swSSORecover\swSSORecover.vcxproj" (Build target(s)).

Build succeeded.

Time Elapsed 00:00:04.93
