E:\SWSSO\DEV\SWSSOCM\DEBUG\DLLMAIN.OBJ
E:\SWSSO\DEV\SWSSOCM\DEBUG\STDAFX.OBJ
E:\SWSSO\DEV\SWSSOCM\DEBUG\SWSSOCM.OBJ
E:\SWSSO\DEV\SWSSOCM\DEBUG\SWSSOCMPIPE.OBJ
E:\SWSSO\DEV\SWSSOCM\DEBUG\SWSSOPROTECTMEMORY.OBJ
E:\SWSSO\DEV\SWSSOCM\DEBUG\SWSSOTRACE.OBJ
E:\SWSSO\DEV\SWSSOCM\DEBUG\VC110.PDB
E:\SWSSO\DEV\DEBUG\SWSSOCM.ILK
E:\SWSSO\DEV\DEBUG\SWSSOCM.DLL
E:\SWSSO\DEV\DEBUG\SWSSOCM.PDB
E:\swSSO\Dev\Debug\swSSOCM.lib
E:\swSSO\Dev\Debug\swSSOCM.exp
E:\swSSO\Dev\swSSOCM\Debug\dllmain.obj
E:\swSSO\Dev\swSSOCM\Debug\stdafx.obj
E:\swSSO\Dev\swSSOCM\Debug\swSSOCM.obj
E:\swSSO\Dev\swSSOCM\Debug\swSSOCMPipe.obj
E:\swSSO\Dev\swSSOCM\Debug\swSSOProtectMemory.obj
E:\swSSO\Dev\swSSOCM\Debug\swSSOTrace.obj
E:\swSSO\Dev\swSSOCM\Debug\cl.command.1.tlog
E:\swSSO\Dev\swSSOCM\Debug\CL.read.1.tlog
E:\swSSO\Dev\swSSOCM\Debug\CL.write.1.tlog
E:\swSSO\Dev\swSSOCM\Debug\link-cvtres.read.1.tlog
E:\swSSO\Dev\swSSOCM\Debug\link-cvtres.write.1.tlog
E:\swSSO\Dev\swSSOCM\Debug\link-rc.read.1.tlog
E:\swSSO\Dev\swSSOCM\Debug\link-rc.write.1.tlog
E:\swSSO\Dev\swSSOCM\Debug\link.command.1.tlog
E:\swSSO\Dev\swSSOCM\Debug\link.read.1.tlog
E:\swSSO\Dev\swSSOCM\Debug\link.write.1.tlog
E:\swSSO\Dev\swSSOCM\Debug\swSSOCM.write.1.tlog
E:\swSSO\Dev\swSSOCM\Debug\vc110.idb
E:\swSSO\Dev\swSSOCM\Debug\vc110.pdb
E:\swSSO\Dev\Debug\swSSOCM.pdb
E:\swSSO\Dev\Debug\swSSOCM.dll
E:\swSSO\Dev\Debug\swSSOCM.ilk
