E:\SWSSO\DEV\SWSSORECOVER\DEBUG\SWSSOCRYPT.OBJ
E:\SWSSO\DEV\SWSSORECOVER\DEBUG\SWSSOMAIN.OBJ
E:\SWSSO\DEV\SWSSORECOVER\DEBUG\SWSSOPASSWORDPOLICY.OBJ
E:\SWSSO\DEV\SWSSORECOVER\DEBUG\SWSSORECOVERY.OBJ
E:\SWSSO\DEV\SWSSORECOVER\DEBUG\SWSSOTOOLS.OBJ
E:\SWSSO\DEV\SWSSORECOVER\DEBUG\SWSSOTRACE.OBJ
E:\SWSSO\DEV\SWSSORECOVER\DEBUG\SWSSOWIZARD.OBJ
E:\SWSSO\DEV\SWSSORECOVER\DEBUG\SWSSOLOGS.OBJ
E:\SWSSO\DEV\SWSSORECOVER\DEBUG\VC110.PDB
E:\SWSSO\DEV\DEBUG\SWSSORECOVER.ILK
E:\SWSSO\DEV\DEBUG\SWSSORECOVER.EXE
E:\SWSSO\DEV\DEBUG\SWSSORECOVER.PDB
E:\SWSSO\DEV\SWSSORECOVER\DEBUG\RESOURCE.RES
E:\SWSSO\DEV\SWSSORECOVER\DEBUG\SWSSOLOGMESSAGES.RES
E:\swSSO\Dev\swSSORecover\Debug\swSSOCrypt.obj
E:\swSSO\Dev\swSSORecover\Debug\swSSOLogs.obj
E:\swSSO\Dev\swSSORecover\Debug\swSSOMain.obj
E:\swSSO\Dev\swSSORecover\Debug\swSSOPasswordPolicy.obj
E:\swSSO\Dev\swSSORecover\Debug\swSSORecovery.obj
E:\swSSO\Dev\swSSORecover\Debug\swSSOTools.obj
E:\swSSO\Dev\swSSORecover\Debug\swSSOTrace.obj
E:\swSSO\Dev\swSSORecover\Debug\swSSOWizard.obj
E:\swSSO\Dev\swSSORecover\Debug\cl.command.1.tlog
E:\swSSO\Dev\swSSORecover\Debug\CL.read.1.tlog
E:\swSSO\Dev\swSSORecover\Debug\CL.write.1.tlog
E:\swSSO\Dev\swSSORecover\Debug\link-cvtres.read.1.tlog
E:\swSSO\Dev\swSSORecover\Debug\link-cvtres.write.1.tlog
E:\swSSO\Dev\swSSORecover\Debug\link-rc.read.1.tlog
E:\swSSO\Dev\swSSORecover\Debug\link-rc.write.1.tlog
E:\swSSO\Dev\swSSORecover\Debug\link.command.1.tlog
E:\swSSO\Dev\swSSORecover\Debug\link.read.1.tlog
E:\swSSO\Dev\swSSORecover\Debug\link.write.1.tlog
E:\swSSO\Dev\swSSORecover\Debug\rc.command.1.tlog
E:\swSSO\Dev\swSSORecover\Debug\rc.read.1.tlog
E:\swSSO\Dev\swSSORecover\Debug\rc.write.1.tlog
E:\swSSO\Dev\swSSORecover\Debug\resource.res
E:\swSSO\Dev\swSSORecover\Debug\swSSOLogMessages.res
E:\swSSO\Dev\swSSORecover\Debug\vc110.idb
E:\swSSO\Dev\swSSORecover\Debug\vc110.pdb
E:\swSSO\Dev\Debug\swSSORecover.pdb
E:\swSSO\Dev\Debug\swSSORecover.exe
E:\swSSO\Dev\Debug\swSSORecover.ilk
