Build started 08/04/2013 21:29:34.
     1>Project "E:\swSSO\Dev\swSSORecover\swSSORecover.vcxproj" on node 5 (Build target(s)).
     1>PreBuildEvent:
         mc swSSOLogMessages.mc
         :VCEnd
         MC: Compiling swSSOLogMessages.mc
       ClCompile:
         C:\Program Files (x86)\Microsoft Visual Studio 11.0\VC\bin\CL.exe /c /ZI /nologo /W4 /WX /Od /Oy- /D WIN32 /D _DEBUG /D _WINDOWS /D TRACES_ACTIVEES /D _USING_V110_SDK71_ /D _MBCS /Gm /EHsc /RTC1 /MTd /GS /fp:precise /Zc:wchar_t /Zc:forScope /Fo"Debug\\" /Fd"Debug\vc110.pdb" /Gd /TP /analyze- /errorReport:prompt swSSOCrypt.cpp swSSOLogs.cpp swSSOMain.cpp swSSOPasswordPolicy.cpp swSSORecovery.cpp swSSOTools.cpp swSSOTrace.cpp swSSOWizard.cpp
         swSSOCrypt.cpp
         Generating Code...
         Skipping... (no relevant changes detected)
         swSSOWizard.cpp
         swSSOTrace.cpp
         swSSOTools.cpp
         swSSORecovery.cpp
         swSSOPasswordPolicy.cpp
         swSSOMain.cpp
         swSSOLogs.cpp
       ResourceCompile:
         C:\Program Files (x86)\Microsoft SDKs\Windows\v7.1A\bin\rc.exe /D TRACES_ACTIVEES /D _USING_V110_SDK71_ /l"0x040c" /nologo /fo"Debug\resource.res" resource.rc 
         C:\Program Files (x86)\Microsoft SDKs\Windows\v7.1A\bin\rc.exe /D TRACES_ACTIVEES /D _USING_V110_SDK71_ /l"0x040c" /nologo /fo"Debug\swSSOLogMessages.res" swSSOLogMessages.rc 
       Link:
         C:\Program Files (x86)\Microsoft Visual Studio 11.0\VC\bin\link.exe /ERRORREPORT:PROMPT /OUT:"E:\swSSO\Dev\Debug\swSSORecover.exe" /INCREMENTAL /NOLOGO Comctl32.lib kernel32.lib user32.lib gdi32.lib winspool.lib comdlg32.lib advapi32.lib shell32.lib ole32.lib oleaut32.lib uuid.lib odbc32.lib odbccp32.lib /MANIFEST /MANIFESTUAC:"level='asInvoker' uiAccess='false'" /manifest:embed /DEBUG /PDB:"E:\swSSO\Dev\Debug\swSSORecover.pdb" /SUBSYSTEM:WINDOWS,"5.01" /TLBID:1 /DYNAMICBASE /NXCOMPAT /IMPLIB:"E:\swSSO\Dev\Debug\swSSORecover.lib" /MACHINE:X86 Debug\resource.res
         Debug\swSSOLogMessages.res
         Debug\swSSOCrypt.obj
         Debug\swSSOLogs.obj
         Debug\swSSOMain.obj
         Debug\swSSOPasswordPolicy.obj
         Debug\swSSORecovery.obj
         Debug\swSSOTools.obj
         Debug\swSSOTrace.obj
         Debug\swSSOWizard.obj
         swSSORecover.vcxproj -> E:\swSSO\Dev\Debug\swSSORecover.exe
     1>Done Building Project "E:\swSSO\Dev\swSSORecover\swSSORecover.vcxproj" (Build target(s)).

Build succeeded.

Time Elapsed 00:00:02.66
