E:\SWSSO\DEV\SWSSOSVC\DEBUG\SWSSOSVC.PCH
E:\SWSSO\DEV\SWSSOSVC\DEBUG\STDAFX.OBJ
E:\SWSSO\DEV\SWSSOSVC\DEBUG\VC110.PDB
E:\SWSSO\DEV\SWSSOSVC\DEBUG\SWSSOCRYPT.OBJ
E:\SWSSO\DEV\SWSSOSVC\DEBUG\SWSSOPROTECTMEMORY.OBJ
E:\SWSSO\DEV\SWSSOSVC\DEBUG\SWSSOSVCMAIN.OBJ
E:\SWSSO\DEV\SWSSOSVC\DEBUG\SWSSOSVCDATA.OBJ
E:\SWSSO\DEV\SWSSOSVC\DEBUG\SWSSOSVCINSTALL.OBJ
E:\SWSSO\DEV\SWSSOSVC\DEBUG\SWSSOTRACE.OBJ
E:\SWSSO\DEV\DEBUG\SWSSOSVC.ILK
E:\SWSSO\DEV\DEBUG\SWSSOSVC.EXE
E:\SWSSO\DEV\DEBUG\SWSSOSVC.PDB
E:\SWSSO\DEV\SWSSOSVC\DEBUG\RESOURCE.RES
E:\swSSO\Dev\swSSOSVC\Debug\stdafx.obj
E:\swSSO\Dev\swSSOSVC\Debug\swSSOCrypt.obj
E:\swSSO\Dev\swSSOSVC\Debug\swSSOProtectMemory.obj
E:\swSSO\Dev\swSSOSVC\Debug\swSSOSVCData.obj
E:\swSSO\Dev\swSSOSVC\Debug\swSSOSVCInstall.obj
E:\swSSO\Dev\swSSOSVC\Debug\swSSOSVCMain.obj
E:\swSSO\Dev\swSSOSVC\Debug\swSSOTrace.obj
E:\swSSO\Dev\swSSOSVC\Debug\cl.command.1.tlog
E:\swSSO\Dev\swSSOSVC\Debug\CL.read.1.tlog
E:\swSSO\Dev\swSSOSVC\Debug\CL.write.1.tlog
E:\swSSO\Dev\swSSOSVC\Debug\link-cvtres.read.1.tlog
E:\swSSO\Dev\swSSOSVC\Debug\link-cvtres.write.1.tlog
E:\swSSO\Dev\swSSOSVC\Debug\link-rc.read.1.tlog
E:\swSSO\Dev\swSSOSVC\Debug\link-rc.write.1.tlog
E:\swSSO\Dev\swSSOSVC\Debug\link.command.1.tlog
E:\swSSO\Dev\swSSOSVC\Debug\link.read.1.tlog
E:\swSSO\Dev\swSSOSVC\Debug\link.write.1.tlog
E:\swSSO\Dev\swSSOSVC\Debug\rc.command.1.tlog
E:\swSSO\Dev\swSSOSVC\Debug\rc.read.1.tlog
E:\swSSO\Dev\swSSOSVC\Debug\rc.write.1.tlog
E:\swSSO\Dev\swSSOSVC\Debug\resource.res
E:\swSSO\Dev\swSSOSVC\Debug\swSSOSVC.pch
E:\swSSO\Dev\swSSOSVC\Debug\vc110.idb
E:\swSSO\Dev\swSSOSVC\Debug\vc110.pdb
E:\swSSO\Dev\Debug\swSSOSVC.pdb
E:\swSSO\Dev\Debug\swSSOSVC.exe
E:\swSSO\Dev\Debug\swSSOSVC.ilk
