Build started 29/05/2013 17:01:45.
     1>Project "E:\swSSO\Dev\swSSO\SWSSO.EXE.vcxproj" on node 2 (Build target(s)).
     1>PreBuildEvent:
         mc swSSOLogMessages.mc
         :VCEnd
         MC: Compiling swSSOLogMessages.mc
       ClCompile:
         C:\Program Files (x86)\Microsoft Visual Studio 11.0\VC\bin\CL.exe /c /ZI /nologo /W4 /WX /Od /Oy- /D WIN32 /D _DEBUG /D _WINDOWS /D TRACES_ACTIVEES /D _USING_V110_SDK71_ /D _MBCS /Gm /EHsc /RTC1 /MTd /GS /fp:precise /Zc:wchar_t /Zc:forScope /Fo"Debug\\" /Fd"Debug\vc110.pdb" /Gd /TP /analyze- /errorReport:prompt swSSOAppNsites.cpp swSSOChrome.cpp swSSOConfig.cpp swSSOCrypt.cpp swSSOFirefox.cpp swSSOFirefoxTools.cpp swSSOIETools.cpp swSSOLaunchApp.cpp swSSOLogs.cpp swSSOMain.cpp swSSOPolicies.cpp swSSORecovery.cpp swSSOTools.cpp swSSOTrace.cpp swSSOTray.cpp swSSOWeb.cpp swSSOWin.cpp swSSOXeb.cpp
         swSSOWin.cpp
         Generating Code...
         Skipping... (no relevant changes detected)
         swSSOXeb.cpp
         swSSOWeb.cpp
         swSSOTray.cpp
         swSSOTrace.cpp
         swSSOTools.cpp
         swSSORecovery.cpp
         swSSOPolicies.cpp
         swSSOMain.cpp
         swSSOLogs.cpp
         swSSOLaunchApp.cpp
         swSSOIETools.cpp
         swSSOFirefoxTools.cpp
         swSSOFirefox.cpp
         swSSOCrypt.cpp
         swSSOConfig.cpp
         swSSOChrome.cpp
         swSSOAppNsites.cpp
       ResourceCompile:
         C:\Program Files (x86)\Microsoft SDKs\Windows\v7.1A\bin\rc.exe /D SW_LANGUAGE_FR /D TRACES_ACTIVEES /D _USING_V110_SDK71_ /l"0x040c" /nologo /fo"Debug\swSSOLogMessages.res" swSSOLogMessages.rc 
       Link:
         C:\Program Files (x86)\Microsoft Visual Studio 11.0\VC\bin\link.exe /ERRORREPORT:PROMPT /OUT:"E:\swSSO\Dev\Debug\swSSOTrace.exe" /INCREMENTAL /NOLOGO Winhttp.lib Wtsapi32.lib Comctl32.lib Crypt32.lib Oleacc.lib msxml2.lib kernel32.lib user32.lib gdi32.lib winspool.lib comdlg32.lib advapi32.lib shell32.lib ole32.lib oleaut32.lib uuid.lib odbc32.lib odbccp32.lib /MANIFEST /MANIFESTUAC:"level='asInvoker' uiAccess='false'" /manifest:embed /DEBUG /PDB:"E:\swSSO\Dev\Debug\swSSOTrace.pdb" /SUBSYSTEM:WINDOWS,"5.01" /TLBID:1 /DYNAMICBASE /NXCOMPAT /IMPLIB:"E:\swSSO\Dev\Debug\swSSOTrace.lib" /MACHINE:X86 Debug\resource.res
         Debug\swSSOLogMessages.res
         Debug\swSSOAppNsites.obj
         Debug\swSSOChrome.obj
         Debug\swSSOConfig.obj
         Debug\swSSOCrypt.obj
         Debug\swSSOFirefox.obj
         Debug\swSSOFirefoxTools.obj
         Debug\swSSOIETools.obj
         Debug\swSSOLaunchApp.obj
         Debug\swSSOLogs.obj
         Debug\swSSOMain.obj
         Debug\swSSOPolicies.obj
         Debug\swSSORecovery.obj
         Debug\swSSOTools.obj
         Debug\swSSOTrace.obj
         Debug\swSSOTray.obj
         Debug\swSSOWeb.obj
         Debug\swSSOWin.obj
         Debug\swSSOXeb.obj
         SWSSO.EXE.vcxproj -> E:\swSSO\Dev\Debug\swSSOTrace.exe
     1>Done Building Project "E:\swSSO\Dev\swSSO\SWSSO.EXE.vcxproj" (Build target(s)).

Build succeeded.

Time Elapsed 00:00:01.83
